<?xml version="1.0" encoding="UTF-8"?>
<!-- Generated by org.testng.reporters.JUnitXMLReporter -->
<testsuite ignored="3" hostname="DESKTOP-IO3GIFB" failures="0" tests="3" name="ChromeTest" time="8.547" errors="0" timestamp="2025-10-04T17:02:33 IST">
  <testcase classname="TestScript.LoginTest" name="verifyTheUserIsAbleToLoginWithValidCredentials" time="1.227"/>
  <testcase classname="TestScript.LogoutTest" name="customercanlogout" time="0.944"/>
  <testcase classname="TestScript.ManageNewsTest" name="verfiyUserCanAccessManageNewsPage" time="1.489"/>
  <testcase classname="TestScript.LoginTest" name="verfiyTheUserIsAbleToLoginWithInvalidUsernameAndValidPassword" time="0.0">
    <ignored/>
  </testcase> <!-- verfiyTheUserIsAbleToLoginWithInvalidUsernameAndValidPassword -->
  <testcase classname="TestScript.LoginTest" name="verfiyTheUserIsAbleToLoginWithInvalidCredentials" time="0.0">
    <ignored/>
  </testcase> <!-- verfiyTheUserIsAbleToLoginWithInvalidCredentials -->
  <testcase classname="TestScript.LoginTest" name="verfiyTheUserIsAbleToLoginWithValidUsernameAndInvalidPassword" time="0.0">
    <ignored/>
  </testcase> <!-- verfiyTheUserIsAbleToLoginWithValidUsernameAndInvalidPassword -->
</testsuite> <!-- ChromeTest -->
