<?xml version="1.0" encoding="UTF-8"?>
<!-- Generated by org.testng.reporters.JUnitXMLReporter -->
<testsuite ignored="3" hostname="DESKTOP-IO3GIFB" failures="0" tests="1" name="Test" time="7.692" errors="0" timestamp="2025-10-21T08:19:06 IST">
  <testcase classname="TestScript.LoginTest" name="verfiyTheUserIsAbleToLoginWithInvalidCredentials" time="0.708"/>
  <testcase classname="TestScript.LoginTest" name="verfiyTheUserIsAbleToLoginWithInvalidUsernameAndValidPassword" time="0.0">
    <ignored/>
  </testcase> <!-- verfiyTheUserIsAbleToLoginWithInvalidUsernameAndValidPassword -->
  <testcase classname="TestScript.LoginTest" name="verifyTheUserIsAbleToLoginWithValidCredentials" time="0.0">
    <ignored/>
  </testcase> <!-- verifyTheUserIsAbleToLoginWithValidCredentials -->
  <testcase classname="TestScript.LoginTest" name="verfiyTheUserIsAbleToLoginWithValidUsernameAndInvalidPassword" time="0.0">
    <ignored/>
  </testcase> <!-- verfiyTheUserIsAbleToLoginWithValidUsernameAndInvalidPassword -->
</testsuite> <!-- Test -->
