<?xml version="1.0" encoding="UTF-8"?>
<!-- Generated by org.testng.reporters.JUnitXMLReporter -->
<testsuite ignored="0" hostname="DESKTOP-IO3GIFB" failures="0" tests="5" name="Test" time="17.505" errors="0" timestamp="2025-10-15T10:02:52 IST">
  <testcase classname="TestScript.LoginTest" name="verfiyTheUserIsAbleToLoginWithInvalidCredentials" time="0.867"/>
  <testcase classname="TestScript.ManageNewsTest" name="verfiyUserCanAccessManageNewsPage" time="3.408"/>
  <testcase classname="TestScript.LoginTest" name="verfiyTheUserIsAbleToLoginWithInvalidUsernameAndValidPassword" time="0.799"/>
  <testcase classname="TestScript.LoginTest" name="verfiyTheUserIsAbleToLoginWithValidUsernameAndInvalidPassword" time="0.77"/>
  <testcase classname="TestScript.LoginTest" name="verifyTheUserIsAbleToLoginWithValidCredentials" time="1.115"/>
</testsuite> <!-- Test -->
