<?xml version="1.0" encoding="UTF-8"?>
<testng-results ignored="0" total="1" passed="1" failed="0" skipped="0">
  <reporter-output>
  </reporter-output>
  <suite started-at="2025-10-21T08:18:58 IST" name="Suite" finished-at="2025-10-21T08:19:06 IST" duration-ms="7692">
    <groups>
    </groups>
    <test started-at="2025-10-21T08:18:58 IST" name="Test" finished-at="2025-10-21T08:19:06 IST" duration-ms="7692">
      <class name="TestScript.LoginTest">
        <test-method is-config="true" signature="browserinitialisation(java.lang.String)[pri:0, instance:TestScript.LoginTest@1c9b0314]" started-at="2025-10-21T08:19:00 IST" name="browserinitialisation" finished-at="2025-10-21T08:19:05 IST" duration-ms="5197" status="PASS">
          <params>
            <param index="0">
              <value>
                <![CDATA[chrome]]>
              </value>
            </param>
          </params>
          <reporter-output>
          </reporter-output>
        </test-method> <!-- browserinitialisation -->
        <test-method signature="verfiyTheUserIsAbleToLoginWithInvalidCredentials(java.lang.String,java.lang.String)[pri:0, instance:TestScript.LoginTest@1c9b0314]" started-at="2025-10-21T08:19:05 IST" name="verfiyTheUserIsAbleToLoginWithInvalidCredentials" data-provider="LoginProvider" finished-at="2025-10-21T08:19:06 IST" duration-ms="708" status="PASS">
          <params>
            <param index="0">
              <value>
                <![CDATA[qwerty]]>
              </value>
            </param>
            <param index="1">
              <value>
                <![CDATA[qwert]]>
              </value>
            </param>
          </params>
          <reporter-output>
          </reporter-output>
        </test-method> <!-- verfiyTheUserIsAbleToLoginWithInvalidCredentials -->
        <test-method is-config="true" signature="browserQuit(org.testng.ITestResult)[pri:0, instance:TestScript.LoginTest@1c9b0314]" started-at="2025-10-21T08:19:06 IST" name="browserQuit" finished-at="2025-10-21T08:19:06 IST" duration-ms="261" status="PASS">
          <params>
            <param index="0">
              <value>
                <![CDATA[[TestResult name=verfiyTheUserIsAbleToLoginWithInvalidCredentials status=SUCCESS method=LoginTest.verfiyTheUserIsAbleToLoginWithInvalidCredentials(java.lang.String,java.lang.String)[pri:0, instance:TestScript.LoginTest@1c9b0314] output={null}]]]>
              </value>
            </param>
          </params>
          <reporter-output>
          </reporter-output>
        </test-method> <!-- browserQuit -->
      </class> <!-- TestScript.LoginTest -->
    </test> <!-- Test -->
  </suite> <!-- Suite -->
</testng-results>
